{
  message: '😍 Database connected successfully ',
  level: 'info',
  service: 'user-service',
  label: 'right meow!',
  timestamp: '2023-06-02T06:02:10.480Z'
}
{
  message: 'University app listening on port 5000',
  level: 'info',
  service: 'user-service',
  label: 'right meow!',
  timestamp: '2023-06-02T06:02:10.508Z'
}
{
  message: '😍 Database connected successfully ',
  level: 'info',
  service: 'user-service',
  label: 'right meow!',
  timestamp: '2023-06-02T06:06:12.834Z'
}
{
  message: 'University app listening on port 5000',
  level: 'info',
  service: 'user-service',
  label: 'right meow!',
  timestamp: '2023-06-02T06:06:12.872Z'
}
{
  message: '😍 Database connected successfully ',
  level: 'info',
  service: 'user-service',
  label: 'right meow!',
  timestamp: '2023-06-02T06:09:28.576Z'
}
{
  message: 'University app listening on port 5000',
  level: 'info',
  service: 'user-service',
  label: 'right meow!',
  timestamp: '2023-06-02T06:09:28.604Z'
}
{
  message: '😍 Database connected successfully ',
  level: 'info',
  service: 'user-service',
  label: 'right meow!',
  timestamp: '2023-06-02T06:30:03.370Z'
}
{
  message: 'University app listening on port 5000',
  level: 'info',
  service: 'user-service',
  label: 'right meow!',
  timestamp: '2023-06-02T06:30:03.399Z'
}
