{
  message: '😍 Database connected successfully ',
  level: 'info',
  service: 'user-service',
  label: 'right meow!',
  timestamp: '2023-06-02T10:00:56.599Z'
}
{
  message: 'University app listening on port 5000',
  level: 'info',
  service: 'user-service',
  label: 'right meow!',
  timestamp: '2023-06-02T10:00:56.626Z'
}
{
  message: '😍 Database connected successfully ',
  level: 'info',
  service: 'user-service',
  label: 'right meow!',
  timestamp: '2023-06-02T10:03:03.309Z'
}
{
  message: 'University app listening on port 5000',
  level: 'info',
  service: 'user-service',
  label: 'right meow!',
  timestamp: '2023-06-02T10:03:03.336Z'
}
{
  message: '😍 Database connected successfully ',
  level: 'info',
  service: 'user-service',
  label: 'right meow!',
  timestamp: '2023-06-02T10:03:18.002Z'
}
{
  message: 'University app listening on port 5000',
  level: 'info',
  service: 'user-service',
  label: 'right meow!',
  timestamp: '2023-06-02T10:03:18.029Z'
}
