{
  message: '😍 Database connected successfully ',
  level: 'info',
  service: 'user-service',
  label: 'right meow!',
  timestamp: '2023-06-02T09:44:52.599Z'
}
{
  message: 'University app listening on port 5000',
  level: 'info',
  service: 'user-service',
  label: 'right meow!',
  timestamp: '2023-06-02T09:44:52.633Z'
}
{
  message: '😍 Database connected successfully ',
  level: 'info',
  service: 'user-service',
  label: 'right meow!',
  timestamp: '2023-06-02T09:48:01.262Z'
}
{
  message: 'University app listening on port 5000',
  level: 'info',
  service: 'user-service',
  label: 'right meow!',
  timestamp: '2023-06-02T09:48:01.292Z'
}
{
  message: '😍 Database connected successfully ',
  level: 'info',
  service: 'user-service',
  label: 'right meow!',
  timestamp: '2023-06-02T09:54:14.011Z'
}
{
  message: 'University app listening on port 5000',
  level: 'info',
  service: 'user-service',
  label: 'right meow!',
  timestamp: '2023-06-02T09:54:14.037Z'
}
{
  message: '😍 Database connected successfully ',
  level: 'info',
  service: 'user-service',
  label: 'right meow!',
  timestamp: '2023-06-02T09:54:49.313Z'
}
{
  message: 'University app listening on port 5000',
  level: 'info',
  service: 'user-service',
  label: 'right meow!',
  timestamp: '2023-06-02T09:54:49.339Z'
}
{
  message: '😍 Database connected successfully ',
  level: 'info',
  service: 'user-service',
  label: 'right meow!',
  timestamp: '2023-06-02T09:55:34.528Z'
}
{
  message: 'University app listening on port 5000',
  level: 'info',
  service: 'user-service',
  label: 'right meow!',
  timestamp: '2023-06-02T09:55:34.589Z'
}
{
  message: '😍 Database connected successfully ',
  level: 'info',
  service: 'user-service',
  label: 'right meow!',
  timestamp: '2023-06-02T09:56:05.777Z'
}
{
  message: 'University app listening on port 5000',
  level: 'info',
  service: 'user-service',
  label: 'right meow!',
  timestamp: '2023-06-02T09:56:05.803Z'
}
{
  message: '😍 Database connected successfully ',
  level: 'info',
  service: 'user-service',
  label: 'right meow!',
  timestamp: '2023-06-02T09:56:28.472Z'
}
{
  message: 'University app listening on port 5000',
  level: 'info',
  service: 'user-service',
  label: 'right meow!',
  timestamp: '2023-06-02T09:56:28.500Z'
}
{
  message: '😍 Database connected successfully ',
  level: 'info',
  service: 'user-service',
  label: 'right meow!',
  timestamp: '2023-06-02T09:59:40.457Z'
}
{
  message: 'University app listening on port 5000',
  level: 'info',
  service: 'user-service',
  label: 'right meow!',
  timestamp: '2023-06-02T09:59:40.479Z'
}
